build/app/intermediates/manifest_merge_blame_file/debug/manifest-merger-blame-debug-report.txt
1<?xml version="1.0" encoding="utf-8"?>
2<manifest xmlns:android="http://schemas.android.com/apk/res/android"
3    package="com.mighty.news_test"
4    android:versionCode="29"
5    android:versionName="1.6.2" >
6
7    <uses-sdk
8        android:minSdkVersion="21"
9        android:targetSdkVersion="30" />
10    <!--
11         Flutter needs it to communicate with the running application
12         to allow setting breakpoints, to provide hot reload, etc.
13    -->
14    <uses-permission android:name="android.permission.INTERNET" />
14-->src\main\AndroidManifest.xml:4:5-67
14-->src\main\AndroidManifest.xml:4:22-64
15    <uses-permission android:name="android.permission.ACCESS_NETWORK_STATE" />
15-->src\main\AndroidManifest.xml:5:5-79
15-->src\main\AndroidManifest.xml:5:22-76
16    <uses-permission android:name="android.permission.ACCESS_COARSE_LOCATION" />
16-->src\main\AndroidManifest.xml:6:5-81
16-->src\main\AndroidManifest.xml:6:22-78
17    <uses-permission android:name="android.permission.ACCESS_FINE_LOCATION" />
17-->src\main\AndroidManifest.xml:7:5-79
17-->src\main\AndroidManifest.xml:7:22-76
18    <uses-permission android:name="android.permission.READ_EXTERNAL_STORAGE" />
18-->src\main\AndroidManifest.xml:8:5-80
18-->src\main\AndroidManifest.xml:8:22-77
19    <uses-permission android:name="android.permission.QUERY_ALL_PACKAGES" />
19-->src\main\AndroidManifest.xml:9:5-77
19-->src\main\AndroidManifest.xml:9:22-74
20    <uses-permission android:name="android.permission.WRITE_EXTERNAL_STORAGE" />
20-->[:image_picker] AndroidManifest.xml:8:5-81
20-->[:image_picker] AndroidManifest.xml:8:22-78
21
22    <queries>
22-->[:flutter_tts] AndroidManifest.xml:9:5-13:15
23        <intent>
23-->[:flutter_tts] AndroidManifest.xml:10:9-12:18
24            <action android:name="android.intent.action.TTS_SERVICE" />
24-->[:flutter_tts] AndroidManifest.xml:11:13-72
24-->[:flutter_tts] AndroidManifest.xml:11:21-69
25        </intent>
26    </queries>
27
28    <uses-permission android:name="android.permission.WAKE_LOCK" />
28-->[com.google.android.gms:play-services-measurement-api:19.0.1] AndroidManifest.xml:24:5-68
28-->[com.google.android.gms:play-services-measurement-api:19.0.1] AndroidManifest.xml:24:22-65
29    <uses-permission android:name="com.google.android.finsky.permission.BIND_GET_INSTALL_REFERRER_SERVICE" /> <!-- Android package visibility setting -->
29-->[com.google.android.gms:play-services-measurement:19.0.1] AndroidManifest.xml:26:5-110
29-->[com.google.android.gms:play-services-measurement:19.0.1] AndroidManifest.xml:26:22-107
30    <queries>
30-->[:flutter_tts] AndroidManifest.xml:9:5-13:15
31
32        <!-- For browser content -->
33        <intent>
33-->[:flutter_tts] AndroidManifest.xml:10:9-12:18
34            <action android:name="android.intent.action.VIEW" />
34-->[com.google.firebase:firebase-auth:21.0.1] AndroidManifest.xml:34:17-69
34-->[com.google.firebase:firebase-auth:21.0.1] AndroidManifest.xml:34:25-66
35
36            <category android:name="android.intent.category.BROWSABLE" />
36-->[com.google.firebase:firebase-auth:21.0.1] AndroidManifest.xml:37:17-78
36-->[com.google.firebase:firebase-auth:21.0.1] AndroidManifest.xml:37:27-75
37
38            <data android:scheme="https" />
38-->[com.google.firebase:firebase-auth:21.0.1] AndroidManifest.xml:39:17-42:51
38-->[com.google.firebase:firebase-auth:21.0.1] AndroidManifest.xml:42:21-48
39        </intent>
40        <!-- End of browser content -->
41        <!-- For CustomTabsService -->
42        <intent>
42-->[:flutter_tts] AndroidManifest.xml:10:9-12:18
43            <action android:name="android.support.customtabs.action.CustomTabsService" />
44        </intent>
45        <!-- End of CustomTabsService -->
46    </queries>
47
48    <uses-permission android:name="android.permission.RECEIVE_BOOT_COMPLETED" />
48-->[androidx.work:work-runtime:2.1.0] AndroidManifest.xml:27:5-81
48-->[androidx.work:work-runtime:2.1.0] AndroidManifest.xml:27:22-78
49
50    <application
50-->src\main\AndroidManifest.xml:11:5-50:19
51        android:appComponentFactory="androidx.core.app.CoreComponentFactory"
51-->[androidx.core:core:1.3.1] AndroidManifest.xml:24:18-86
52        android:debuggable="true"
53        android:fullBackupContent="true"
53-->src\main\AndroidManifest.xml:12:9-41
54        android:icon="@mipmap/ic_launcher"
54-->src\main\AndroidManifest.xml:13:9-43
55        android:label="Mighty News"
55-->src\main\AndroidManifest.xml:14:9-36
56        android:usesCleartextTraffic="true" >
56-->src\main\AndroidManifest.xml:15:9-44
57        <activity
57-->src\main\AndroidManifest.xml:16:9-40:20
58            android:name="com.mighty.news.MainActivity"
58-->src\main\AndroidManifest.xml:17:13-41
59            android:configChanges="orientation|keyboardHidden|keyboard|screenSize|smallestScreenSize|locale|layoutDirection|fontScale|screenLayout|density|uiMode"
59-->src\main\AndroidManifest.xml:18:13-163
60            android:hardwareAccelerated="true"
60-->src\main\AndroidManifest.xml:19:13-47
61            android:launchMode="singleTop"
61-->src\main\AndroidManifest.xml:20:13-43
62            android:theme="@style/LaunchTheme"
62-->src\main\AndroidManifest.xml:21:13-47
63            android:windowSoftInputMode="adjustResize" >
63-->src\main\AndroidManifest.xml:22:13-55
64            <meta-data
64-->src\main\AndroidManifest.xml:24:13-26:57
65                android:name="io.flutter.embedding.android.NormalTheme"
65-->src\main\AndroidManifest.xml:25:17-72
66                android:resource="@style/NormalTheme" />
66-->src\main\AndroidManifest.xml:26:17-54
67            <meta-data
67-->src\main\AndroidManifest.xml:28:13-30:66
68                android:name="io.flutter.embedding.android.SplashScreenDrawable"
68-->src\main\AndroidManifest.xml:29:17-81
69                android:resource="@drawable/launch_background" />
69-->src\main\AndroidManifest.xml:30:17-63
70            <meta-data
70-->src\main\AndroidManifest.xml:32:13-34:37
71                android:name="flutterEmbedding"
71-->src\main\AndroidManifest.xml:33:17-48
72                android:value="2" />
72-->src\main\AndroidManifest.xml:34:17-34
73
74            <intent-filter>
74-->src\main\AndroidManifest.xml:36:13-39:29
75                <action android:name="android.intent.action.MAIN" />
75-->src\main\AndroidManifest.xml:37:17-69
75-->src\main\AndroidManifest.xml:37:25-66
76
77                <category android:name="android.intent.category.LAUNCHER" />
77-->src\main\AndroidManifest.xml:38:17-77
77-->src\main\AndroidManifest.xml:38:27-74
78            </intent-filter>
79        </activity>
80        <!--
81             Don't delete the meta-data below.
82             This is used by the Flutter tool to generate GeneratedPluginRegistrant.java
83        -->
84        <meta-data
84-->src\main\AndroidManifest.xml:32:13-34:37
85            android:name="flutterEmbedding"
85-->src\main\AndroidManifest.xml:33:17-48
86            android:value="2" />
86-->src\main\AndroidManifest.xml:34:17-34
87        <meta-data
87-->src\main\AndroidManifest.xml:47:9-49:70
88            android:name="com.google.android.gms.ads.APPLICATION_ID"
88-->src\main\AndroidManifest.xml:48:13-69
89            android:value="ca-app-pub-1399327544318575~7586962359" />
89-->src\main\AndroidManifest.xml:49:13-67
90
91        <service
91-->[:firebase_crashlytics] AndroidManifest.xml:8:9-12:19
92            android:name="com.google.firebase.components.ComponentDiscoveryService"
92-->[:firebase_crashlytics] AndroidManifest.xml:8:18-89
93            android:directBootAware="true"
93-->[com.google.firebase:firebase-common:20.0.0] AndroidManifest.xml:35:13-43
94            android:exported="false" >
94-->[com.google.firebase:firebase-crashlytics:18.2.1] AndroidManifest.xml:17:13-37
95            <meta-data
95-->[:firebase_crashlytics] AndroidManifest.xml:9:13-11:85
96                android:name="com.google.firebase.components:io.flutter.plugins.firebase.crashlytics.FlutterFirebaseAppRegistrar"
96-->[:firebase_crashlytics] AndroidManifest.xml:10:17-130
97                android:value="com.google.firebase.components.ComponentRegistrar" />
97-->[:firebase_crashlytics] AndroidManifest.xml:11:17-82
98            <meta-data
98-->[:firebase_auth] AndroidManifest.xml:9:13-11:85
99                android:name="com.google.firebase.components:io.flutter.plugins.firebase.auth.FlutterFirebaseAuthRegistrar"
99-->[:firebase_auth] AndroidManifest.xml:10:17-124
100                android:value="com.google.firebase.components.ComponentRegistrar" />
100-->[:firebase_auth] AndroidManifest.xml:11:17-82
101            <meta-data
101-->[:firebase_remote_config] AndroidManifest.xml:9:13-11:85
102                android:name="com.google.firebase.components:io.flutter.plugins.firebase.firebaseremoteconfig.FlutterFirebaseAppRegistrar"
102-->[:firebase_remote_config] AndroidManifest.xml:10:17-139
103                android:value="com.google.firebase.components.ComponentRegistrar" />
103-->[:firebase_remote_config] AndroidManifest.xml:11:17-82
104            <meta-data
104-->[:firebase_core] AndroidManifest.xml:9:13-11:85
105                android:name="com.google.firebase.components:io.flutter.plugins.firebase.core.FlutterFirebaseCoreRegistrar"
105-->[:firebase_core] AndroidManifest.xml:10:17-124
106                android:value="com.google.firebase.components.ComponentRegistrar" />
106-->[:firebase_core] AndroidManifest.xml:11:17-82
107            <meta-data
107-->[com.google.firebase:firebase-crashlytics:18.2.1] AndroidManifest.xml:18:13-20:85
108                android:name="com.google.firebase.components:com.google.firebase.crashlytics.CrashlyticsRegistrar"
108-->[com.google.firebase:firebase-crashlytics:18.2.1] AndroidManifest.xml:19:17-115
109                android:value="com.google.firebase.components.ComponentRegistrar" />
109-->[com.google.firebase:firebase-crashlytics:18.2.1] AndroidManifest.xml:20:17-82
110            <meta-data
110-->[com.google.firebase:firebase-auth:21.0.1] AndroidManifest.xml:77:13-79:85
111                android:name="com.google.firebase.components:com.google.firebase.auth.FirebaseAuthRegistrar"
111-->[com.google.firebase:firebase-auth:21.0.1] AndroidManifest.xml:78:17-109
112                android:value="com.google.firebase.components.ComponentRegistrar" />
112-->[com.google.firebase:firebase-auth:21.0.1] AndroidManifest.xml:79:17-82
113            <meta-data
113-->[com.google.firebase:firebase-config:21.0.1] AndroidManifest.xml:32:13-34:85
114                android:name="com.google.firebase.components:com.google.firebase.remoteconfig.RemoteConfigRegistrar"
114-->[com.google.firebase:firebase-config:21.0.1] AndroidManifest.xml:33:17-117
115                android:value="com.google.firebase.components.ComponentRegistrar" />
115-->[com.google.firebase:firebase-config:21.0.1] AndroidManifest.xml:34:17-82
116            <meta-data
116-->[com.google.android.gms:play-services-measurement-api:19.0.1] AndroidManifest.xml:30:13-32:85
117                android:name="com.google.firebase.components:com.google.firebase.analytics.connector.internal.AnalyticsConnectorRegistrar"
117-->[com.google.android.gms:play-services-measurement-api:19.0.1] AndroidManifest.xml:31:17-139
118                android:value="com.google.firebase.components.ComponentRegistrar" />
118-->[com.google.android.gms:play-services-measurement-api:19.0.1] AndroidManifest.xml:32:17-82
119            <meta-data
119-->[com.google.firebase:firebase-installations:17.0.0] AndroidManifest.xml:18:13-20:85
120                android:name="com.google.firebase.components:com.google.firebase.installations.FirebaseInstallationsRegistrar"
120-->[com.google.firebase:firebase-installations:17.0.0] AndroidManifest.xml:19:17-127
121                android:value="com.google.firebase.components.ComponentRegistrar" />
121-->[com.google.firebase:firebase-installations:17.0.0] AndroidManifest.xml:20:17-82
122            <meta-data
122-->[com.google.firebase:firebase-abt:21.0.0] AndroidManifest.xml:13:13-15:85
123                android:name="com.google.firebase.components:com.google.firebase.abt.component.AbtRegistrar"
123-->[com.google.firebase:firebase-abt:21.0.0] AndroidManifest.xml:14:17-109
124                android:value="com.google.firebase.components.ComponentRegistrar" />
124-->[com.google.firebase:firebase-abt:21.0.0] AndroidManifest.xml:15:17-82
125        </service>
126
127        <provider
127-->[:image_picker] AndroidManifest.xml:11:9-19:20
128            android:name="io.flutter.plugins.imagepicker.ImagePickerFileProvider"
128-->[:image_picker] AndroidManifest.xml:12:13-82
129            android:authorities="com.mighty.news_test.flutter.image_provider"
129-->[:image_picker] AndroidManifest.xml:13:13-74
130            android:exported="false"
130-->[:image_picker] AndroidManifest.xml:14:13-37
131            android:grantUriPermissions="true" >
131-->[:image_picker] AndroidManifest.xml:15:13-47
132            <meta-data
132-->[:image_picker] AndroidManifest.xml:16:13-18:75
133                android:name="android.support.FILE_PROVIDER_PATHS"
133-->[:image_picker] AndroidManifest.xml:17:17-67
134                android:resource="@xml/flutter_image_picker_file_paths" />
134-->[:image_picker] AndroidManifest.xml:18:17-72
135        </provider>
136
137        <meta-data
137-->[:google_mobile_ads] AndroidManifest.xml:10:9-12:36
138            android:name="io.flutter.embedded_views_preview"
138-->[:google_mobile_ads] AndroidManifest.xml:11:13-61
139            android:value="true" />
139-->[:google_mobile_ads] AndroidManifest.xml:12:13-33
140
141        <activity
141-->[:url_launcher] AndroidManifest.xml:8:9-11:74
142            android:name="io.flutter.plugins.urllauncher.WebViewActivity"
142-->[:url_launcher] AndroidManifest.xml:9:13-74
143            android:exported="false"
143-->[:url_launcher] AndroidManifest.xml:10:13-37
144            android:theme="@android:style/Theme.NoTitleBar.Fullscreen" />
144-->[:url_launcher] AndroidManifest.xml:11:13-71
145
146        <provider
146-->[:share] AndroidManifest.xml:8:9-16:20
147            android:name="io.flutter.plugins.share.ShareFileProvider"
147-->[:share] AndroidManifest.xml:9:13-70
148            android:authorities="com.mighty.news_test.flutter.share_provider"
148-->[:share] AndroidManifest.xml:10:13-74
149            android:exported="false"
149-->[:share] AndroidManifest.xml:11:13-37
150            android:grantUriPermissions="true" >
150-->[:share] AndroidManifest.xml:12:13-47
151            <meta-data
151-->[:image_picker] AndroidManifest.xml:16:13-18:75
152                android:name="android.support.FILE_PROVIDER_PATHS"
152-->[:image_picker] AndroidManifest.xml:17:17-67
153                android:resource="@xml/flutter_share_file_paths" />
153-->[:image_picker] AndroidManifest.xml:18:17-72
154        </provider>
155
156        <service
156-->[com.google.android.datatransport:transport-backend-cct:3.0.0] AndroidManifest.xml:29:9-35:19
157            android:name="com.google.android.datatransport.runtime.backends.TransportBackendDiscovery"
157-->[com.google.android.datatransport:transport-backend-cct:3.0.0] AndroidManifest.xml:30:13-103
158            android:exported="false" >
158-->[com.google.android.datatransport:transport-backend-cct:3.0.0] AndroidManifest.xml:31:13-37
159            <meta-data
159-->[com.google.android.datatransport:transport-backend-cct:3.0.0] AndroidManifest.xml:32:13-34:39
160                android:name="backend:com.google.android.datatransport.cct.CctBackendFactory"
160-->[com.google.android.datatransport:transport-backend-cct:3.0.0] AndroidManifest.xml:33:17-94
161                android:value="cct" />
161-->[com.google.android.datatransport:transport-backend-cct:3.0.0] AndroidManifest.xml:34:17-36
162        </service>
163
164        <activity
164-->[com.google.firebase:firebase-auth:21.0.1] AndroidManifest.xml:27:9-44:20
165            android:name="com.google.firebase.auth.internal.GenericIdpActivity"
165-->[com.google.firebase:firebase-auth:21.0.1] AndroidManifest.xml:28:13-80
166            android:excludeFromRecents="true"
166-->[com.google.firebase:firebase-auth:21.0.1] AndroidManifest.xml:29:13-46
167            android:exported="true"
167-->[com.google.firebase:firebase-auth:21.0.1] AndroidManifest.xml:30:13-36
168            android:launchMode="singleTask"
168-->[com.google.firebase:firebase-auth:21.0.1] AndroidManifest.xml:31:13-44
169            android:theme="@android:style/Theme.Translucent.NoTitleBar" >
169-->[com.google.firebase:firebase-auth:21.0.1] AndroidManifest.xml:32:13-72
170            <intent-filter>
170-->[com.google.firebase:firebase-auth:21.0.1] AndroidManifest.xml:33:13-43:29
171                <action android:name="android.intent.action.VIEW" />
171-->[com.google.firebase:firebase-auth:21.0.1] AndroidManifest.xml:34:17-69
171-->[com.google.firebase:firebase-auth:21.0.1] AndroidManifest.xml:34:25-66
172
173                <category android:name="android.intent.category.DEFAULT" />
173-->[com.google.firebase:firebase-auth:21.0.1] AndroidManifest.xml:36:17-76
173-->[com.google.firebase:firebase-auth:21.0.1] AndroidManifest.xml:36:27-73
174                <category android:name="android.intent.category.BROWSABLE" />
174-->[com.google.firebase:firebase-auth:21.0.1] AndroidManifest.xml:37:17-78
174-->[com.google.firebase:firebase-auth:21.0.1] AndroidManifest.xml:37:27-75
175
176                <data
176-->[com.google.firebase:firebase-auth:21.0.1] AndroidManifest.xml:39:17-42:51
177                    android:host="firebase.auth"
177-->[com.google.firebase:firebase-auth:21.0.1] AndroidManifest.xml:40:21-49
178                    android:path="/"
178-->[com.google.firebase:firebase-auth:21.0.1] AndroidManifest.xml:41:21-37
179                    android:scheme="genericidp" />
179-->[com.google.firebase:firebase-auth:21.0.1] AndroidManifest.xml:42:21-48
180            </intent-filter>
181        </activity>
182        <activity
182-->[com.google.firebase:firebase-auth:21.0.1] AndroidManifest.xml:45:9-62:20
183            android:name="com.google.firebase.auth.internal.RecaptchaActivity"
183-->[com.google.firebase:firebase-auth:21.0.1] AndroidManifest.xml:46:13-79
184            android:excludeFromRecents="true"
184-->[com.google.firebase:firebase-auth:21.0.1] AndroidManifest.xml:47:13-46
185            android:exported="true"
185-->[com.google.firebase:firebase-auth:21.0.1] AndroidManifest.xml:48:13-36
186            android:launchMode="singleTask"
186-->[com.google.firebase:firebase-auth:21.0.1] AndroidManifest.xml:49:13-44
187            android:theme="@android:style/Theme.Translucent.NoTitleBar" >
187-->[com.google.firebase:firebase-auth:21.0.1] AndroidManifest.xml:50:13-72
188            <intent-filter>
188-->[com.google.firebase:firebase-auth:21.0.1] AndroidManifest.xml:51:13-61:29
189                <action android:name="android.intent.action.VIEW" />
189-->[com.google.firebase:firebase-auth:21.0.1] AndroidManifest.xml:34:17-69
189-->[com.google.firebase:firebase-auth:21.0.1] AndroidManifest.xml:34:25-66
190
191                <category android:name="android.intent.category.DEFAULT" />
191-->[com.google.firebase:firebase-auth:21.0.1] AndroidManifest.xml:36:17-76
191-->[com.google.firebase:firebase-auth:21.0.1] AndroidManifest.xml:36:27-73
192                <category android:name="android.intent.category.BROWSABLE" />
192-->[com.google.firebase:firebase-auth:21.0.1] AndroidManifest.xml:37:17-78
192-->[com.google.firebase:firebase-auth:21.0.1] AndroidManifest.xml:37:27-75
193
194                <data
194-->[com.google.firebase:firebase-auth:21.0.1] AndroidManifest.xml:39:17-42:51
195                    android:host="firebase.auth"
195-->[com.google.firebase:firebase-auth:21.0.1] AndroidManifest.xml:40:21-49
196                    android:path="/"
196-->[com.google.firebase:firebase-auth:21.0.1] AndroidManifest.xml:41:21-37
197                    android:scheme="recaptcha" />
197-->[com.google.firebase:firebase-auth:21.0.1] AndroidManifest.xml:42:21-48
198            </intent-filter>
199        </activity>
200
201        <service
201-->[com.google.firebase:firebase-auth:21.0.1] AndroidManifest.xml:64:9-73:19
202            android:name="com.google.firebase.auth.api.fallback.service.FirebaseAuthFallbackService"
202-->[com.google.firebase:firebase-auth:21.0.1] AndroidManifest.xml:65:13-101
203            android:enabled="true"
203-->[com.google.firebase:firebase-auth:21.0.1] AndroidManifest.xml:66:13-35
204            android:exported="false" >
204-->[com.google.firebase:firebase-auth:21.0.1] AndroidManifest.xml:67:13-37
205            <intent-filter>
205-->[com.google.firebase:firebase-auth:21.0.1] AndroidManifest.xml:68:13-72:29
206                <action android:name="com.google.firebase.auth.api.gms.service.START" />
206-->[com.google.firebase:firebase-auth:21.0.1] AndroidManifest.xml:69:17-89
206-->[com.google.firebase:firebase-auth:21.0.1] AndroidManifest.xml:69:25-86
207
208                <category android:name="android.intent.category.DEFAULT" />
208-->[com.google.firebase:firebase-auth:21.0.1] AndroidManifest.xml:36:17-76
208-->[com.google.firebase:firebase-auth:21.0.1] AndroidManifest.xml:36:27-73
209            </intent-filter>
210        </service>
211
212        <provider
212-->[com.google.firebase:firebase-common:20.0.0] AndroidManifest.xml:26:9-31:39
213            android:name="com.google.firebase.provider.FirebaseInitProvider"
213-->[com.google.firebase:firebase-common:20.0.0] AndroidManifest.xml:27:13-77
214            android:authorities="com.mighty.news_test.firebaseinitprovider"
214-->[com.google.firebase:firebase-common:20.0.0] AndroidManifest.xml:28:13-72
215            android:directBootAware="true"
215-->[com.google.firebase:firebase-common:20.0.0] AndroidManifest.xml:29:13-43
216            android:exported="false"
216-->[com.google.firebase:firebase-common:20.0.0] AndroidManifest.xml:30:13-37
217            android:initOrder="100" />
217-->[com.google.firebase:firebase-common:20.0.0] AndroidManifest.xml:31:13-36
218
219        <activity
219-->[com.google.android.gms:play-services-auth:16.0.1] AndroidManifest.xml:23:9-27:75
220            android:name="com.google.android.gms.auth.api.signin.internal.SignInHubActivity"
220-->[com.google.android.gms:play-services-auth:16.0.1] AndroidManifest.xml:24:13-93
221            android:excludeFromRecents="true"
221-->[com.google.android.gms:play-services-auth:16.0.1] AndroidManifest.xml:25:13-46
222            android:exported="false"
222-->[com.google.android.gms:play-services-auth:16.0.1] AndroidManifest.xml:26:13-37
223            android:theme="@android:style/Theme.Translucent.NoTitleBar" />
223-->[com.google.android.gms:play-services-auth:16.0.1] AndroidManifest.xml:27:13-72
224        <!--
225            Service handling Google Sign-In user revocation. For apps that do not integrate with
226            Google Sign-In, this service will never be started.
227        -->
228        <service
228-->[com.google.android.gms:play-services-auth:16.0.1] AndroidManifest.xml:33:9-36:110
229            android:name="com.google.android.gms.auth.api.signin.RevocationBoundService"
229-->[com.google.android.gms:play-services-auth:16.0.1] AndroidManifest.xml:34:13-89
230            android:exported="true"
230-->[com.google.android.gms:play-services-auth:16.0.1] AndroidManifest.xml:35:13-36
231            android:permission="com.google.android.gms.auth.api.signin.permission.REVOCATION_NOTIFICATION" />
231-->[com.google.android.gms:play-services-auth:16.0.1] AndroidManifest.xml:36:13-107
232
233        <receiver
233-->[com.google.android.gms:play-services-measurement:19.0.1] AndroidManifest.xml:29:9-33:20
234            android:name="com.google.android.gms.measurement.AppMeasurementReceiver"
234-->[com.google.android.gms:play-services-measurement:19.0.1] AndroidManifest.xml:30:13-85
235            android:enabled="true"
235-->[com.google.android.gms:play-services-measurement:19.0.1] AndroidManifest.xml:31:13-35
236            android:exported="false" >
236-->[com.google.android.gms:play-services-measurement:19.0.1] AndroidManifest.xml:32:13-37
237        </receiver>
238
239        <service
239-->[com.google.android.gms:play-services-measurement:19.0.1] AndroidManifest.xml:35:9-38:40
240            android:name="com.google.android.gms.measurement.AppMeasurementService"
240-->[com.google.android.gms:play-services-measurement:19.0.1] AndroidManifest.xml:36:13-84
241            android:enabled="true"
241-->[com.google.android.gms:play-services-measurement:19.0.1] AndroidManifest.xml:37:13-35
242            android:exported="false" />
242-->[com.google.android.gms:play-services-measurement:19.0.1] AndroidManifest.xml:38:13-37
243        <service
243-->[com.google.android.gms:play-services-measurement:19.0.1] AndroidManifest.xml:39:9-43:72
244            android:name="com.google.android.gms.measurement.AppMeasurementJobService"
244-->[com.google.android.gms:play-services-measurement:19.0.1] AndroidManifest.xml:40:13-87
245            android:enabled="true"
245-->[com.google.android.gms:play-services-measurement:19.0.1] AndroidManifest.xml:41:13-35
246            android:exported="false"
246-->[com.google.android.gms:play-services-measurement:19.0.1] AndroidManifest.xml:42:13-37
247            android:permission="android.permission.BIND_JOB_SERVICE" /> <!-- Include the AdActivity and InAppPurchaseActivity configChanges and themes. -->
247-->[com.google.android.gms:play-services-measurement:19.0.1] AndroidManifest.xml:43:13-69
248        <activity
248-->[com.google.android.gms:play-services-ads-lite:19.7.0] AndroidManifest.xml:48:9-52:64
249            android:name="com.google.android.gms.ads.AdActivity"
249-->[com.google.android.gms:play-services-ads-lite:19.7.0] AndroidManifest.xml:49:13-65
250            android:configChanges="keyboard|keyboardHidden|orientation|screenLayout|uiMode|screenSize|smallestScreenSize"
250-->[com.google.android.gms:play-services-ads-lite:19.7.0] AndroidManifest.xml:50:13-122
251            android:exported="false"
251-->[com.google.android.gms:play-services-ads-lite:19.7.0] AndroidManifest.xml:51:13-37
252            android:theme="@android:style/Theme.Translucent" />
252-->[com.google.android.gms:play-services-ads-lite:19.7.0] AndroidManifest.xml:52:13-61
253
254        <provider
254-->[com.google.android.gms:play-services-ads-lite:19.7.0] AndroidManifest.xml:54:9-58:39
255            android:name="com.google.android.gms.ads.MobileAdsInitProvider"
255-->[com.google.android.gms:play-services-ads-lite:19.7.0] AndroidManifest.xml:55:13-76
256            android:authorities="com.mighty.news_test.mobileadsinitprovider"
256-->[com.google.android.gms:play-services-ads-lite:19.7.0] AndroidManifest.xml:56:13-73
257            android:exported="false"
257-->[com.google.android.gms:play-services-ads-lite:19.7.0] AndroidManifest.xml:57:13-37
258            android:initOrder="100" />
258-->[com.google.android.gms:play-services-ads-lite:19.7.0] AndroidManifest.xml:58:13-36
259
260        <service
260-->[com.google.android.gms:play-services-ads-lite:19.7.0] AndroidManifest.xml:60:9-63:40
261            android:name="com.google.android.gms.ads.AdService"
261-->[com.google.android.gms:play-services-ads-lite:19.7.0] AndroidManifest.xml:61:13-64
262            android:enabled="true"
262-->[com.google.android.gms:play-services-ads-lite:19.7.0] AndroidManifest.xml:62:13-35
263            android:exported="false" />
263-->[com.google.android.gms:play-services-ads-lite:19.7.0] AndroidManifest.xml:63:13-37
264
265        <activity
265-->[com.google.android.gms:play-services-base:17.1.0] AndroidManifest.xml:23:9-26:75
266            android:name="com.google.android.gms.common.api.GoogleApiActivity"
266-->[com.google.android.gms:play-services-base:17.1.0] AndroidManifest.xml:24:13-79
267            android:exported="false"
267-->[com.google.android.gms:play-services-base:17.1.0] AndroidManifest.xml:25:13-37
268            android:theme="@android:style/Theme.Translucent.NoTitleBar" />
268-->[com.google.android.gms:play-services-base:17.1.0] AndroidManifest.xml:26:13-72
269
270        <meta-data
270-->[com.google.android.gms:play-services-basement:17.3.0] AndroidManifest.xml:23:9-25:69
271            android:name="com.google.android.gms.version"
271-->[com.google.android.gms:play-services-basement:17.3.0] AndroidManifest.xml:24:13-58
272            android:value="@integer/google_play_services_version" />
272-->[com.google.android.gms:play-services-basement:17.3.0] AndroidManifest.xml:25:13-66
273
274        <provider
274-->[androidx.work:work-runtime:2.1.0] AndroidManifest.xml:30:9-36:35
275            android:name="androidx.work.impl.WorkManagerInitializer"
275-->[androidx.work:work-runtime:2.1.0] AndroidManifest.xml:31:13-69
276            android:authorities="com.mighty.news_test.workmanager-init"
276-->[androidx.work:work-runtime:2.1.0] AndroidManifest.xml:32:13-68
277            android:directBootAware="false"
277-->[androidx.work:work-runtime:2.1.0] AndroidManifest.xml:33:13-44
278            android:exported="false"
278-->[androidx.work:work-runtime:2.1.0] AndroidManifest.xml:34:13-37
279            android:multiprocess="true" />
279-->[androidx.work:work-runtime:2.1.0] AndroidManifest.xml:35:13-40
280
281        <service
281-->[androidx.work:work-runtime:2.1.0] AndroidManifest.xml:38:9-43:35
282            android:name="androidx.work.impl.background.systemalarm.SystemAlarmService"
282-->[androidx.work:work-runtime:2.1.0] AndroidManifest.xml:39:13-88
283            android:directBootAware="false"
283-->[androidx.work:work-runtime:2.1.0] AndroidManifest.xml:40:13-44
284            android:enabled="@bool/enable_system_alarm_service_default"
284-->[androidx.work:work-runtime:2.1.0] AndroidManifest.xml:41:13-72
285            android:exported="false" />
285-->[androidx.work:work-runtime:2.1.0] AndroidManifest.xml:42:13-37
286        <service